<?xml version="1.0" encoding="UTF-8"?>
<!-- Generated by org.testng.reporters.JUnitXMLReporter -->
<testsuite ignored="0" hostname="DESKTOP-HUQ0HTH" failures="0" tests="2" name="Test" time="673.12" errors="0" timestamp="2022-08-27T01:25:14 PDT">
  <testcase classname="Test.TC_Login" name="@AfterMethod checkBrokenLinks" time="205.092">
    <failure type="java.net.SocketException" message="An established connection was aborted by the software in your host machine">
      <![CDATA[java.net.SocketException: An established connection was aborted by the software in your host machine
at java.base/sun.nio.ch.NioSocketImpl.implRead(NioSocketImpl.java:322)
at java.base/sun.nio.ch.NioSocketImpl.read(NioSocketImpl.java:347)
at java.base/sun.nio.ch.NioSocketImpl$1.read(NioSocketImpl.java:800)
at java.base/java.net.Socket$SocketInputStream.read(Socket.java:966)
at java.base/sun.security.ssl.SSLSocketInputRecord.read(SSLSocketInputRecord.java:478)
at java.base/sun.security.ssl.SSLSocketInputRecord.readHeader(SSLSocketInputRecord.java:472)
at java.base/sun.security.ssl.SSLSocketInputRecord.decode(SSLSocketInputRecord.java:160)
at java.base/sun.security.ssl.SSLTransport.decode(SSLTransport.java:111)
at java.base/sun.security.ssl.SSLSocketImpl.decode(SSLSocketImpl.java:1505)
at java.base/sun.security.ssl.SSLSocketImpl.readHandshakeRecord(SSLSocketImpl.java:1420)
at java.base/sun.security.ssl.SSLSocketImpl.startHandshake(SSLSocketImpl.java:455)
at java.base/sun.security.ssl.SSLSocketImpl.startHandshake(SSLSocketImpl.java:426)
at java.base/sun.net.www.protocol.https.HttpsClient.afterConnect(HttpsClient.java:578)
at java.base/sun.net.www.protocol.https.AbstractDelegateHttpsURLConnection.connect(AbstractDelegateHttpsURLConnection.java:183)
at java.base/sun.net.www.protocol.https.HttpsURLConnectionImpl.connect(HttpsURLConnectionImpl.java:142)
at Utility.BrokenLinks.brokenLink(BrokenLinks.java:47)
at Test.TC_Login.checkBrokenLinks(TC_Login.java:63)
at java.base/java.util.ArrayList.forEach(ArrayList.java:1511)
... Removed 30 stack frames]]>
    </failure>
  </testcase> <!-- @AfterMethod checkBrokenLinks -->
  <testcase classname="Test.TC_Login" name="loginFunctionality" time="46.696"/>
  <testcase classname="Test.TC_Login" name="MyProfileFunctionality" time="11.421"/>
</testsuite> <!-- Test -->
